# JRE version: OpenJDK Runtime Environment (8.0_242) (build 1.8.0_242-release-1644-b3-6222593)
# Java VM: OpenJDK 64-Bit Server VM (25.242-b3-6222593 mixed mode bsd-amd64 compressed oops)
Heap:
 PSYoungGen      total 580608K, used 235385K [0x0000000795580000, 0x00000007bf280000, 0x00000007c0000000)
  eden space 490496K, 40% used [0x0000000795580000,0x00000007a1572e00,0x00000007b3480000)
  from space 90112K, 43% used [0x00000007b9a80000,0x00000007bc06b8e0,0x00000007bf280000)
  to   space 97280K, 0% used [0x00000007b3480000,0x00000007b3480000,0x00000007b9380000)
 ParOldGen       total 574976K, used 271341K [0x0000000740000000, 0x0000000763180000, 0x0000000795580000)
  object space 574976K, 47% used [0x0000000740000000,0x00000007508fb7a8,0x0000000763180000)
 Metaspace       used 232727K, capacity 247970K, committed 248128K, reserved 1265664K
  class space    used 29718K, capacity 32564K, committed 32600K, reserved 1048576K
GC Heap History (10 events):
Event: 2746.404 GC heap before
{Heap before GC invocations=56 (full 6):
 PSYoungGen      total 605184K, used 570058K [0x0000000795580000, 0x00000007c0000000, 0x00000007c0000000)
  eden space 518656K, 100% used [0x0000000795580000,0x00000007b5000000,0x00000007b5000000)
  from space 86528K, 59% used [0x00000007b5000000,0x00000007b82329e0,0x00000007ba480000)
  to   space 89088K, 0% used [0x00000007ba900000,0x00000007ba900000,0x00000007c0000000)
 ParOldGen       total 574976K, used 236933K [0x0000000740000000, 0x0000000763180000, 0x0000000795580000)
  object space 574976K, 41% used [0x0000000740000000,0x000000074e761770,0x0000000763180000)
 Metaspace       used 211706K, capacity 224578K, committed 224704K, reserved 1245184K
  class space    used 27164K, capacity 29574K, committed 29656K, reserved 1048576K
Event: 2746.465 GC heap after
Heap after GC invocations=56 (full 6):
 PSYoungGen      total 608768K, used 38703K [0x0000000795580000, 0x00000007bfc80000, 0x00000007c0000000)
  eden space 523264K, 0% used [0x0000000795580000,0x0000000795580000,0x00000007b5480000)
  from space 85504K, 45% used [0x00000007ba900000,0x00000007bcecbc10,0x00000007bfc80000)
  to   space 86016K, 0% used [0x00000007b5480000,0x00000007b5480000,0x00000007ba880000)
 ParOldGen       total 574976K, used 237373K [0x0000000740000000, 0x0000000763180000, 0x0000000795580000)
  object space 574976K, 41% used [0x0000000740000000,0x000000074e7cf770,0x0000000763180000)
 Metaspace       used 211706K, capacity 224578K, committed 224704K, reserved 1245184K
  class space    used 27164K, capacity 29574K, committed 29656K, reserved 1048576K
}
Event: 2762.486 GC heap before
{Heap before GC invocations=57 (full 6):
 PSYoungGen      total 608768K, used 561967K [0x0000000795580000, 0x00000007bfc80000, 0x00000007c0000000)
  eden space 523264K, 100% used [0x0000000795580000,0x00000007b5480000,0x00000007b5480000)
  from space 85504K, 45% used [0x00000007ba900000,0x00000007bcecbc10,0x00000007bfc80000)
  to   space 86016K, 0% used [0x00000007b5480000,0x00000007b5480000,0x00000007ba880000)
 ParOldGen       total 574976K, used 237373K [0x0000000740000000, 0x0000000763180000, 0x0000000795580000)
  object space 574976K, 41% used [0x0000000740000000,0x000000074e7cf770,0x0000000763180000)
 Metaspace       used 213711K, capacity 226788K, committed 226880K, reserved 1247232K
  class space    used 27281K, capacity 29737K, committed 29784K, reserved 1048576K
Event: 2762.519 GC heap after
Heap after GC invocations=57 (full 6):
 PSYoungGen      total 609280K, used 9612K [0x0000000795580000, 0x00000007bfd80000, 0x00000007c0000000)
  eden space 523264K, 0% used [0x0000000795580000,0x0000000795580000,0x00000007b5480000)
  from space 86016K, 11% used [0x00000007b5480000,0x00000007b5de3048,0x00000007ba880000)
  to   space 84480K, 0% used [0x00000007bab00000,0x00000007bab00000,0x00000007bfd80000)
 ParOldGen       total 574976K, used 245205K [0x0000000740000000, 0x0000000763180000, 0x0000000795580000)
  object space 574976K, 42% used [0x0000000740000000,0x000000074ef755d8,0x0000000763180000)
 Metaspace       used 213711K, capacity 226788K, committed 226880K, reserved 1247232K
  class space    used 27281K, capacity 29737K, committed 29784K, reserved 1048576K
}
Event: 2776.846 GC heap before
{Heap before GC invocations=58 (full 6):
 PSYoungGen      total 609280K, used 532876K [0x0000000795580000, 0x00000007bfd80000, 0x00000007c0000000)
  eden space 523264K, 100% used [0x0000000795580000,0x00000007b5480000,0x00000007b5480000)
  from space 86016K, 11% used [0x00000007b5480000,0x00000007b5de3048,0x00000007ba880000)
  to   space 84480K, 0% used [0x00000007bab00000,0x00000007bab00000,0x00000007bfd80000)
 ParOldGen       total 574976K, used 245205K [0x0000000740000000, 0x0000000763180000, 0x0000000795580000)
  object space 574976K, 42% used [0x0000000740000000,0x000000074ef755d8,0x0000000763180000)
 Metaspace       used 223029K, capacity 237114K, committed 237248K, reserved 1255424K
  class space    used 28506K, capacity 31112K, committed 31192K, reserved 1048576K
Event: 2777.027 GC heap after
Heap after GC invocations=58 (full 6):
 PSYoungGen      total 574464K, used 84471K [0x0000000795580000, 0x00000007c0000000, 0x00000007c0000000)
  eden space 489984K, 0% used [0x0000000795580000,0x0000000795580000,0x00000007b3400000)
  from space 84480K, 99% used [0x00000007bab00000,0x00000007bfd7df28,0x00000007bfd80000)
  to   space 104448K, 0% used [0x00000007b3400000,0x00000007b3400000,0x00000007b9a00000)
 ParOldGen       total 574976K, used 259455K [0x0000000740000000, 0x0000000763180000, 0x0000000795580000)
  object space 574976K, 45% used [0x0000000740000000,0x000000074fd5fd90,0x0000000763180000)
 Metaspace       used 223029K, capacity 237114K, committed 237248K, reserved 1255424K
  class space    used 28506K, capacity 31112K, committed 31192K, reserved 1048576K
}
Event: 2968.012 GC heap before
{Heap before GC invocations=59 (full 6):
 PSYoungGen      total 574464K, used 574455K [0x0000000795580000, 0x00000007c0000000, 0x00000007c0000000)
  eden space 489984K, 100% used [0x0000000795580000,0x00000007b3400000,0x00000007b3400000)
  from space 84480K, 99% used [0x00000007bab00000,0x00000007bfd7df28,0x00000007bfd80000)
  to   space 104448K, 0% used [0x00000007b3400000,0x00000007b3400000,0x00000007b9a00000)
 ParOldGen       total 574976K, used 259455K [0x0000000740000000, 0x0000000763180000, 0x0000000795580000)
  object space 574976K, 45% used [0x0000000740000000,0x000000074fd5fd90,0x0000000763180000)
 Metaspace       used 223457K, capacity 237582K, committed 237760K, reserved 1255424K
  class space    used 28536K, capacity 31162K, committed 31192K, reserved 1048576K
Event: 2968.117 GC heap after
Heap after GC invocations=59 (full 6):
 PSYoungGen      total 594432K, used 53824K [0x0000000795580000, 0x00000007c0000000, 0x00000007c0000000)
  eden space 489984K, 0% used [0x0000000795580000,0x0000000795580000,0x00000007b3400000)
  from space 104448K, 51% used [0x00000007b3400000,0x00000007b68903e8,0x00000007b9a00000)
  to   space 103936K, 0% used [0x00000007b9a80000,0x00000007b9a80000,0x00000007c0000000)
 ParOldGen       total 574976K, used 271333K [0x0000000740000000, 0x0000000763180000, 0x0000000795580000)
  object space 574976K, 47% used [0x0000000740000000,0x00000007508f97a8,0x0000000763180000)
 Metaspace       used 223457K, capacity 237582K, committed 237760K, reserved 1255424K
  class space    used 28536K, capacity 31162K, committed 31192K, reserved 1048576K
}
Event: 2984.446 GC heap before
{Heap before GC invocations=60 (full 6):
 PSYoungGen      total 594432K, used 543808K [0x0000000795580000, 0x00000007c0000000, 0x00000007c0000000)
  eden space 489984K, 100% used [0x0000000795580000,0x00000007b3400000,0x00000007b3400000)
  from space 104448K, 51% used [0x00000007b3400000,0x00000007b68903e8,0x00000007b9a00000)
  to   space 103936K, 0% used [0x00000007b9a80000,0x00000007b9a80000,0x00000007c0000000)
 ParOldGen       total 574976K, used 271333K [0x0000000740000000, 0x0000000763180000, 0x0000000795580000)
  object space 574976K, 47% used [0x0000000740000000,0x00000007508f97a8,0x0000000763180000)
 Metaspace       used 232678K, capacity 247888K, committed 248128K, reserved 1265664K
  class space    used 29717K, capacity 32563K, committed 32600K, reserved 1048576K
Event: 2984.527 GC heap after
Heap after GC invocations=60 (full 6):
 PSYoungGen      total 580608K, used 38830K [0x0000000795580000, 0x00000007bf280000, 0x00000007c0000000)
  eden space 490496K, 0% used [0x0000000795580000,0x0000000795580000,0x00000007b3480000)
  from space 90112K, 43% used [0x00000007b9a80000,0x00000007bc06b8e0,0x00000007bf280000)
  to   space 97280K, 0% used [0x00000007b3480000,0x00000007b3480000,0x00000007b9380000)
 ParOldGen       total 574976K, used 271341K [0x0000000740000000, 0x0000000763180000, 0x0000000795580000)
  object space 574976K, 47% used [0x0000000740000000,0x00000007508fb7a8,0x0000000763180000)
 Metaspace       used 232678K, capacity 247888K, committed 248128K, reserved 1265664K
  class space    used 29717K, capacity 32563K, committed 32600K, reserved 1048576K
}

